Error in parseSuppInfo inputFile of pmc_id: 3191056
Error in parseFigure inputFile of pmc_id: 3191056
Error in parseMeta inputFile of pmc_id: 3929086 
Error in parseSuppInfo inputFile of pmc_id: 3929086
Error in parseFigure inputFile of pmc_id: 3929086
Error in parseAbstract inputFile of pmc_id: 3929086
Error in parseMeta inputFile of pmc_id: 3255975 
Error in parseFigure inputFile of pmc_id: 3255975
Error in parseAbstract inputFile of pmc_id: 3255975
Error in parseDiscussion inputFile of pmc_id: 3255975
Error in parseMeta inputFile of pmc_id: 2644779 
Error in parseAbstract inputFile of pmc_id: 2644779
Error in parseDiscussion inputFile of pmc_id: 2644779
Error in parseMeta inputFile of pmc_id: 3898697 
Error in parseFigure inputFile of pmc_id: 3898697
Error in parseAbstract inputFile of pmc_id: 3898697
Error in parseDiscussion inputFile of pmc_id: 3898697
Error in parseSuppInfo inputFile of pmc_id: 3432468
Error in parseMeta inputFile of pmc_id: 3771941 
Error in parseSuppInfo inputFile of pmc_id: 3771941
Error in parseFigure inputFile of pmc_id: 3771941
Error in parseAbstract inputFile of pmc_id: 3771941
Error in parseMeta inputFile of pmc_id: 4342580 
Error in parseSuppInfo inputFile of pmc_id: 4342580
Error in parseFigure inputFile of pmc_id: 4342580
Error in parseAbstract inputFile of pmc_id: 4342580
Error in parseMeta inputFile of pmc_id: 4237968 
Error in parseAbstract inputFile of pmc_id: 4237968
Error in parseMeta inputFile of pmc_id: 4003245 
Error in parseSuppInfo inputFile of pmc_id: 4003245
Error in parseFigure inputFile of pmc_id: 4003245
Error in parseAbstract inputFile of pmc_id: 4003245
Error in parseFigure inputFile of pmc_id: 3930140
Error in parseFigure inputFile of pmc_id: 4091171
